生成启动时间为 2020/7/1 18:07:46。
     1>项目“G:\C++\kuwoMusicPlay\kuwoMusicPlay\kuwoMusicPlay.vcxproj”在节点 2 上(build 个目标)。
     1>InitializeBuildStatus:
         正在创建“Debug\kuwoMusicPlay.unsuccessfulbuild”，因为已指定“AlwaysCreate”。
       ClCompile:
         所有输出均为最新。
         C:\Program Files (x86)\Microsoft Visual Studio 10.0\VC\bin\CL.exe /c /ZI /nologo /W3 /WX- /Od /Oy- /D WIN32 /D _WINDOWS /D _DEBUG /D _UNICODE /D UNICODE /D _AFXDLL /Gm /EHsc /RTC1 /MDd /GS /fp:precise /Zc:wchar_t /Zc:forScope /Yu"StdAfx.h" /Fp"Debug\kuwoMusicPlay.pch" /Fo"Debug\\" /Fd"Debug\vc100.pdb" /Gd /TP /analyze- /errorReport:prompt kuwoMusicPlayDlg.cpp
         kuwoMusicPlayDlg.cpp
       ResourceCompile:
         所有输出均为最新。
       ManifestResourceCompile:
         所有输出均为最新。
       Link:
         C:\Program Files (x86)\Microsoft Visual Studio 10.0\VC\bin\link.exe /ERRORREPORT:PROMPT /OUT:"G:\C++\kuwoMusicPlay\Debug\kuwoMusicPlay.exe" /INCREMENTAL /NOLOGO /MANIFEST /ManifestFile:"Debug\kuwoMusicPlay.exe.intermediate.manifest" /MANIFESTUAC:"level='asInvoker' uiAccess='false'" /DEBUG /PDB:"G:\C++\kuwoMusicPlay\Debug\kuwoMusicPlay.pdb" /SUBSYSTEM:WINDOWS /TLBID:1 /ENTRY:"wWinMainCRTStartup" /DYNAMICBASE /NXCOMPAT /IMPLIB:"G:\C++\kuwoMusicPlay\Debug\kuwoMusicPlay.lib" /MACHINE:X86 Debug\kuwoMusicPlay.res
         Debug\kuwoMusicPlay.exe.embed.manifest.res
         Debug\kuwoMusicPlay.obj
         Debug\kuwoMusicPlayDlg.obj
         Debug\stdafx.obj
       Manifest:
         C:\Program Files (x86)\Microsoft SDKs\Windows\v7.0A\bin\mt.exe /nologo /verbose /out:"Debug\kuwoMusicPlay.exe.embed.manifest" /manifest Debug\kuwoMusicPlay.exe.intermediate.manifest "C:\Program Files (x86)\Microsoft Visual Studio 10.0\VC\Include\Manifest\dpiaware.manifest"
         所有输出均为最新。
       LinkEmbedManifest:
         所有输出均为最新。
         kuwoMusicPlay.vcxproj -> G:\C++\kuwoMusicPlay\Debug\kuwoMusicPlay.exe
       FinalizeBuildStatus:
         正在删除文件“Debug\kuwoMusicPlay.unsuccessfulbuild”。
         正在对“Debug\kuwoMusicPlay.lastbuildstate”执行 Touch 任务。
     1>已完成生成项目“G:\C++\kuwoMusicPlay\kuwoMusicPlay\kuwoMusicPlay.vcxproj”(build 个目标)的操作。

生成成功。

已用时间 00:00:17.53
